{
  "stats": {
    "suites": 1,
    "tests": 2,
    "passes": 1,
    "pending": 0,
    "failures": 1,
    "start": "2020-06-09T15:36:52.889Z",
    "end": "2020-06-09T15:36:52.910Z",
    "duration": 21,
    "testsRegistered": 2,
    "passPercent": 50,
    "pendingPercent": 0,
    "other": 0,
    "hasOther": false,
    "skipped": 0,
    "hasSkipped": false
  },
  "results": [
    {
      "uuid": "c8c35ee6-a6aa-42af-b42b-75b893761509",
      "title": "",
      "fullFile": "",
      "file": "",
      "beforeHooks": [],
      "afterHooks": [],
      "tests": [],
      "suites": [
        {
          "uuid": "f16d7eb7-62da-4a06-a3d0-9718d150bd11",
          "title": "自动化脚本",
          "fullFile": "/Users/wuzhuang/Desktop/workspace/wuzhuang/demo/qa/test/service/app.spec.js",
          "file": "/test/service/app.spec.js",
          "beforeHooks": [],
          "afterHooks": [],
          "tests": [
            {
              "title": "获取后台接口数据",
              "fullTitle": "自动化脚本 获取后台接口数据",
              "timedOut": false,
              "duration": 15,
              "state": "passed",
              "speed": "fast",
              "pass": true,
              "fail": false,
              "pending": false,
              "context": null,
              "code": "request()\n    .get('/')\n    .set('Accept','application')\n    .expect('Content-Type',/json/)\n    .expect(200)\n    .end(function(err, res) {\n        if(err) {\n            done(new Error('请求出错'))\n        }else {\n            console.log(res.body)\n            if(res.body.data === '刁民') {\n                done()\n            }else {\n                done(new Error('请求数据出错'))\n            }\n        }\n    })",
              "err": {},
              "uuid": "6bdf4a43-d137-44a8-bf45-e29895994b68",
              "parentUUID": "f16d7eb7-62da-4a06-a3d0-9718d150bd11",
              "isHook": false,
              "skipped": false
            },
            {
              "title": "404容错脚本",
              "fullTitle": "自动化脚本 404容错脚本",
              "timedOut": false,
              "duration": 2,
              "state": "failed",
              "speed": null,
              "pass": false,
              "fail": true,
              "pending": false,
              "context": null,
              "code": "request()\n    .get('/educated')\n    .expect(404, done)",
              "err": {
                "message": "Error: expected 404 \"Not Found\", got 200 \"OK\"",
                "estack": "Error: expected 404 \"Not Found\", got 200 \"OK\"\n    at Test._assertStatus (node_modules/supertest/lib/test.js:268:12)\n    at Test._assertFunction (node_modules/supertest/lib/test.js:283:11)\n    at Test.assert (node_modules/supertest/lib/test.js:173:18)\n    at localAssert (node_modules/supertest/lib/test.js:131:12)\n    at /Users/wuzhuang/Desktop/workspace/wuzhuang/demo/qa/node_modules/supertest/lib/test.js:128:5\n    at Test.Request.callback (node_modules/superagent/lib/node/index.js:716:12)\n    at /Users/wuzhuang/Desktop/workspace/wuzhuang/demo/qa/node_modules/superagent/lib/node/index.js:916:18\n    at IncomingMessage.<anonymous> (node_modules/superagent/lib/node/parsers/json.js:19:7)\n    at endReadableNT (_stream_readable.js:1221:12)",
                "diff": null
              },
              "uuid": "c4401097-d837-4a11-8f0c-71af700cd13e",
              "parentUUID": "f16d7eb7-62da-4a06-a3d0-9718d150bd11",
              "isHook": false,
              "skipped": false
            }
          ],
          "suites": [],
          "passes": [
            "6bdf4a43-d137-44a8-bf45-e29895994b68"
          ],
          "failures": [
            "c4401097-d837-4a11-8f0c-71af700cd13e"
          ],
          "pending": [],
          "skipped": [],
          "duration": 17,
          "root": false,
          "rootEmpty": false,
          "_timeout": 2000
        }
      ],
      "passes": [],
      "failures": [],
      "pending": [],
      "skipped": [],
      "duration": 0,
      "root": true,
      "rootEmpty": true,
      "_timeout": 2000
    }
  ],
  "meta": {
    "mocha": {
      "version": "7.2.0"
    },
    "mochawesome": {
      "options": {
        "quiet": false,
        "reportFilename": "mochawesome",
        "saveHtml": true,
        "saveJson": true,
        "consoleReporter": "spec",
        "useInlineDiffs": false,
        "code": true
      },
      "version": "6.1.1"
    },
    "marge": {
      "options": {
        "reportDir": "docs/mochawesome-report"
      },
      "version": "5.1.0"
    }
  }
}