{
  "stats": {
    "suites": 1,
    "tests": 2,
    "passes": 0,
    "pending": 0,
    "failures": 2,
    "start": "2020-06-09T14:33:34.124Z",
    "end": "2020-06-09T14:33:34.144Z",
    "duration": 20,
    "testsRegistered": 2,
    "passPercent": 0,
    "pendingPercent": 0,
    "other": 0,
    "hasOther": false,
    "skipped": 0,
    "hasSkipped": false
  },
  "results": [
    {
      "uuid": "b209ef38-d029-4e93-9f6f-0c153cce548d",
      "title": "",
      "fullFile": "",
      "file": "",
      "beforeHooks": [],
      "afterHooks": [],
      "tests": [],
      "suites": [
        {
          "uuid": "700986ec-5170-4c9c-ba0b-0db724abf19c",
          "title": "NodeUii 自动化脚本",
          "fullFile": "/Users/wuzhuang/Desktop/workspace/wuzhuang/demo/qa/test/service/app.spec.js",
          "file": "/test/service/app.spec.js",
          "beforeHooks": [],
          "afterHooks": [],
          "tests": [
            {
              "title": "获取后台接口数据",
              "fullTitle": "NodeUii 自动化脚本 获取后台接口数据",
              "timedOut": false,
              "duration": 15,
              "state": "failed",
              "speed": null,
              "pass": false,
              "fail": true,
              "pending": false,
              "context": null,
              "code": "request()\n    .get('/')\n    .set('Accept','application')\n    .expect('Content-Type',/json/)\n    .expect(200)\n    .end(function(err, res) {\n        if(err) {\n            done(new Error('请求出错'))\n        }else {\n            console.log(res.body)\n            if(res.body.data === '刁民') {\n                done()\n            }else {\n                done(new Error('请求数据出错'))\n            }\n        }\n    })",
              "err": {
                "message": "Error: 请求数据出错",
                "estack": "Error: 请求数据出错\n    at Test.<anonymous> (test/service/app.spec.js:24:30)\n    at Test.assert (node_modules/supertest/lib/test.js:181:6)\n    at localAssert (node_modules/supertest/lib/test.js:131:12)\n    at /Users/wuzhuang/Desktop/workspace/wuzhuang/demo/qa/node_modules/supertest/lib/test.js:128:5\n    at Test.Request.callback (node_modules/superagent/lib/node/index.js:716:12)\n    at /Users/wuzhuang/Desktop/workspace/wuzhuang/demo/qa/node_modules/superagent/lib/node/index.js:916:18\n    at IncomingMessage.<anonymous> (node_modules/superagent/lib/node/parsers/json.js:19:7)\n    at endReadableNT (_stream_readable.js:1221:12)\n    at processTicksAndRejections (internal/process/task_queues.js:84:21)",
                "diff": null
              },
              "uuid": "2ef1cadd-5b34-410d-a699-a06ef10ffd0b",
              "parentUUID": "700986ec-5170-4c9c-ba0b-0db724abf19c",
              "isHook": false,
              "skipped": false
            },
            {
              "title": "404容错脚本",
              "fullTitle": "NodeUii 自动化脚本 404容错脚本",
              "timedOut": false,
              "duration": 1,
              "state": "failed",
              "speed": null,
              "pass": false,
              "fail": true,
              "pending": false,
              "context": null,
              "code": "request()\n    .get('/educated')\n    .expect(404, done)",
              "err": {
                "message": "Error: expected 404 \"Not Found\", got 200 \"OK\"",
                "estack": "Error: expected 404 \"Not Found\", got 200 \"OK\"\n    at Test._assertStatus (node_modules/supertest/lib/test.js:268:12)\n    at Test._assertFunction (node_modules/supertest/lib/test.js:283:11)\n    at Test.assert (node_modules/supertest/lib/test.js:173:18)\n    at localAssert (node_modules/supertest/lib/test.js:131:12)\n    at /Users/wuzhuang/Desktop/workspace/wuzhuang/demo/qa/node_modules/supertest/lib/test.js:128:5\n    at Test.Request.callback (node_modules/superagent/lib/node/index.js:716:12)\n    at /Users/wuzhuang/Desktop/workspace/wuzhuang/demo/qa/node_modules/superagent/lib/node/index.js:916:18\n    at IncomingMessage.<anonymous> (node_modules/superagent/lib/node/parsers/json.js:19:7)\n    at endReadableNT (_stream_readable.js:1221:12)",
                "diff": null
              },
              "uuid": "417bd056-eecc-4636-9c55-4596851f3d0f",
              "parentUUID": "700986ec-5170-4c9c-ba0b-0db724abf19c",
              "isHook": false,
              "skipped": false
            }
          ],
          "suites": [],
          "passes": [],
          "failures": [
            "2ef1cadd-5b34-410d-a699-a06ef10ffd0b",
            "417bd056-eecc-4636-9c55-4596851f3d0f"
          ],
          "pending": [],
          "skipped": [],
          "duration": 16,
          "root": false,
          "rootEmpty": false,
          "_timeout": 2000
        }
      ],
      "passes": [],
      "failures": [],
      "pending": [],
      "skipped": [],
      "duration": 0,
      "root": true,
      "rootEmpty": true,
      "_timeout": 2000
    }
  ],
  "meta": {
    "mocha": {
      "version": "7.2.0"
    },
    "mochawesome": {
      "options": {
        "quiet": false,
        "reportFilename": "mochawesome",
        "saveHtml": true,
        "saveJson": true,
        "consoleReporter": "spec",
        "useInlineDiffs": false,
        "code": true
      },
      "version": "6.1.1"
    },
    "marge": {
      "options": {
        "reportDir": "docs/mochawesome-report"
      },
      "version": "5.1.0"
    }
  }
}